<?xml version="1.0" encoding="UTF-8"?>
<!-- Generated by org.testng.reporters.JUnitReportReporter -->
<testsuite name="com.walmart.test.CreateAccountPageTest" tests="5" time="21.393" ignored="0" failures="0" timestamp="01 Jan 2018 09:36:45 GMT" skipped="0" hostname="DESKTOP-FRQ0CFQ" errors="0">
  <testcase name="CreateAccountFormTest" time="3.988" classname="com.walmart.test.CreateAccountPageTest"/>
  <testcase name="CreateAccountFormTest" time="4.361" classname="com.walmart.test.CreateAccountPageTest"/>
  <testcase name="CreateAccountFormTest" time="4.407" classname="com.walmart.test.CreateAccountPageTest"/>
  <testcase name="CreateAccountFormTest" time="4.335" classname="com.walmart.test.CreateAccountPageTest"/>
  <testcase name="CreateAccountFormTest" time="4.302" classname="com.walmart.test.CreateAccountPageTest"/>
</testsuite> <!-- com.walmart.test.CreateAccountPageTest -->
