<?xml version="1.0" encoding="UTF-8"?>
<!-- Generated by org.testng.reporters.JUnitReportReporter -->
<testsuite name="com.walmart.test.HomePageTest" tests="5" time="38.879" ignored="0" failures="0" timestamp="01 Jan 2018 09:12:04 GMT" skipped="0" hostname="DESKTOP-FRQ0CFQ" errors="0">
  <testcase name="clickSigninTest" time="3.777" classname="com.walmart.test.HomePageTest"/>
  <testcase name="navLinksTest" time="1.471" classname="com.walmart.test.HomePageTest"/>
  <testcase name="clickSearchButtonTest" time="9.813" classname="com.walmart.test.HomePageTest"/>
  <testcase name="clickCreateAccountTest" time="2.463" classname="com.walmart.test.HomePageTest"/>
  <testcase name="mouseHoverDepartmentTest" time="21.355" classname="com.walmart.test.HomePageTest"/>
</testsuite> <!-- com.walmart.test.HomePageTest -->
