<?xml version="1.0" encoding="UTF-8"?>
<!-- Generated by org.testng.reporters.JUnitReportReporter -->
<testsuite name="com.walmart.test.SearchResultPageTest" tests="1" time="19.124" ignored="0" failures="0" timestamp="01 Jan 2018 09:18:05 GMT" skipped="0" hostname="DESKTOP-FRQ0CFQ" errors="0">
  <testcase name="clickFirstSearchedIteamTest" time="19.124" classname="com.walmart.test.SearchResultPageTest"/>
</testsuite> <!-- com.walmart.test.SearchResultPageTest -->
