<?xml version="1.0" encoding="UTF-8"?>
<!-- Generated by org.testng.reporters.JUnitReportReporter -->
<testsuite name="com.walmart.test.SigninPageTest" tests="4" time="23.963" ignored="0" failures="0" timestamp="01 Jan 2018 09:44:21 GMT" skipped="0" hostname="DESKTOP-FRQ0CFQ" errors="0">
  <testcase name="signInTest" time="6.053" classname="com.walmart.test.SigninPageTest"/>
  <testcase name="signInTest" time="6.025" classname="com.walmart.test.SigninPageTest"/>
  <testcase name="signInTest" time="5.993" classname="com.walmart.test.SigninPageTest"/>
  <testcase name="signInTest" time="5.892" classname="com.walmart.test.SigninPageTest"/>
</testsuite> <!-- com.walmart.test.SigninPageTest -->
