<?xml version="1.0" encoding="UTF-8"?>
<!-- Generated by org.testng.reporters.JUnitReportReporter -->
<testsuite name="com.walmart.test.SearchedItemPageTest" tests="1" time="18.963" ignored="0" failures="0" timestamp="01 Jan 2018 09:28:12 GMT" skipped="0" hostname="DESKTOP-FRQ0CFQ" errors="0">
  <testcase name="addToCartTest" time="18.963" classname="com.walmart.test.SearchedItemPageTest"/>
</testsuite> <!-- com.walmart.test.SearchedItemPageTest -->
